[2023-12-13 17:50:03,125: INFO: common: yaml file: config/config.yaml loaded successfully]
[2023-12-13 17:50:03,127: INFO: common: yaml file: params.yaml loaded successfully]
[2023-12-13 17:50:03,129: INFO: common: created directory at: artifacts]
[2023-12-13 17:50:03,130: INFO: common: created directory at: artifacts/data_ingestion]
[2023-12-13 17:50:03,131: INFO: 3172177572: Downloading data from https://drive.google.com/file/d/1OptgbnMCCSk_-8bOTly1pMbyOS0Wg-Lp/view?usp=drive_link into file artifacts/data_ingestion/data.zip]
[2023-12-13 17:51:52,791: INFO: 3172177572: Downloaded data from https://drive.google.com/file/d/1OptgbnMCCSk_-8bOTly1pMbyOS0Wg-Lp/view?usp=drive_link into file artifacts/data_ingestion/data.zip]
[2023-12-13 18:05:03,634: INFO: main: >>>>>> stage Data Ingestion stage started <<<<<<]
[2023-12-13 18:05:03,635: INFO: common: yaml file: config/config.yaml loaded successfully]
[2023-12-13 18:05:03,635: INFO: common: yaml file: params.yaml loaded successfully]
[2023-12-13 18:05:03,635: INFO: common: created directory at: artifacts]
[2023-12-13 18:05:03,635: INFO: common: created directory at: artifacts/data_ingestion]
[2023-12-13 18:05:03,636: INFO: data_ingestion: Downloading data from https://drive.google.com/file/d/1OptgbnMCCSk_-8bOTly1pMbyOS0Wg-Lp/view?usp=drive_link into file artifacts/data_ingestion/data.zip]
[2023-12-13 18:06:56,238: INFO: data_ingestion: Downloaded data from https://drive.google.com/file/d/1OptgbnMCCSk_-8bOTly1pMbyOS0Wg-Lp/view?usp=drive_link into file artifacts/data_ingestion/data.zip]
[2023-12-13 18:07:01,577: INFO: main: >>>>>> stage Data Ingestion stage completed <<<<<<

x==========x]
[2023-12-13 18:31:35,725: INFO: common: yaml file: config/config.yaml loaded successfully]
[2023-12-13 18:31:35,728: INFO: common: yaml file: params.yaml loaded successfully]
[2023-12-13 18:31:35,729: INFO: common: created directory at: artifacts]
[2023-12-13 18:31:35,730: INFO: common: created directory at: artifacts/prepare_base_model]
[2023-12-13 18:31:36,021: WARNING: saving_utils: Compiled the loaded model, but the compiled metrics have yet to be built. `model.compile_metrics` will be empty until you train or evaluate the model.]
[2023-12-13 18:31:36,076: WARNING: optimizer: At this time, the v2.11+ optimizer `tf.keras.optimizers.SGD` runs slowly on M1/M2 Macs, please use the legacy Keras optimizer instead, located at `tf.keras.optimizers.legacy.SGD`.]
[2023-12-13 18:31:36,078: WARNING: __init__: There is a known slowdown when using v2.11+ Keras optimizers on M1/M2 Macs. Falling back to the legacy Keras optimizer, i.e., `tf.keras.optimizers.legacy.SGD`.]
[2023-12-13 18:41:18,712: INFO: main: >>>>>> stage Data Ingestion stage started <<<<<<]
[2023-12-13 18:41:18,713: INFO: common: yaml file: config/config.yaml loaded successfully]
[2023-12-13 18:41:18,714: INFO: common: yaml file: params.yaml loaded successfully]
[2023-12-13 18:41:18,714: INFO: common: created directory at: artifacts]
[2023-12-13 18:41:18,715: INFO: common: created directory at: artifacts/data_ingestion]
[2023-12-13 18:41:18,715: INFO: data_ingestion: Downloading data from https://drive.google.com/file/d/1OptgbnMCCSk_-8bOTly1pMbyOS0Wg-Lp/view?usp=drive_link into file artifacts/data_ingestion/data.zip]
[2023-12-13 18:50:53,455: INFO: data_ingestion: Downloaded data from https://drive.google.com/file/d/1OptgbnMCCSk_-8bOTly1pMbyOS0Wg-Lp/view?usp=drive_link into file artifacts/data_ingestion/data.zip]
[2023-12-13 18:50:59,319: INFO: main: >>>>>> stage Data Ingestion stage completed <<<<<<

x==========x]
[2023-12-13 18:50:59,319: INFO: main: *******************]
[2023-12-13 18:50:59,319: INFO: main: >>>>>> stage Prepare base model started <<<<<<]
[2023-12-13 18:50:59,319: ERROR: main: name 'PrepareBaseModelTrainingPipeline' is not defined]
Traceback (most recent call last):
  File "main.py", line 22, in <module>
    prepare_base_model = PrepareBaseModelTrainingPipeline()
NameError: name 'PrepareBaseModelTrainingPipeline' is not defined
[2023-12-13 18:56:45,701: INFO: main: >>>>>> stage Data Ingestion stage started <<<<<<]
[2023-12-13 18:56:45,702: INFO: common: yaml file: config/config.yaml loaded successfully]
[2023-12-13 18:56:45,703: INFO: common: yaml file: params.yaml loaded successfully]
[2023-12-13 18:56:45,703: INFO: common: created directory at: artifacts]
[2023-12-13 18:56:45,703: INFO: common: created directory at: artifacts/data_ingestion]
[2023-12-13 18:56:45,704: INFO: data_ingestion: Downloading data from https://drive.google.com/file/d/1OptgbnMCCSk_-8bOTly1pMbyOS0Wg-Lp/view?usp=drive_link into file artifacts/data_ingestion/data.zip]
[2023-12-13 18:59:02,163: INFO: data_ingestion: Downloaded data from https://drive.google.com/file/d/1OptgbnMCCSk_-8bOTly1pMbyOS0Wg-Lp/view?usp=drive_link into file artifacts/data_ingestion/data.zip]
[2023-12-13 18:59:08,134: INFO: main: >>>>>> stage Data Ingestion stage completed <<<<<<

x==========x]
[2023-12-13 18:59:08,135: INFO: main: *******************]
[2023-12-13 18:59:08,135: INFO: main: >>>>>> stage Prepare base model started <<<<<<]
[2023-12-13 18:59:08,136: INFO: common: yaml file: config/config.yaml loaded successfully]
[2023-12-13 18:59:08,137: INFO: common: yaml file: params.yaml loaded successfully]
[2023-12-13 18:59:08,137: INFO: common: created directory at: artifacts]
[2023-12-13 18:59:08,137: INFO: common: created directory at: artifacts/prepare_base_model]
[2023-12-13 18:59:08,385: WARNING: saving_utils: Compiled the loaded model, but the compiled metrics have yet to be built. `model.compile_metrics` will be empty until you train or evaluate the model.]
[2023-12-13 18:59:08,468: WARNING: optimizer: At this time, the v2.11+ optimizer `tf.keras.optimizers.SGD` runs slowly on M1/M2 Macs, please use the legacy Keras optimizer instead, located at `tf.keras.optimizers.legacy.SGD`.]
[2023-12-13 18:59:08,469: WARNING: __init__: There is a known slowdown when using v2.11+ Keras optimizers on M1/M2 Macs. Falling back to the legacy Keras optimizer, i.e., `tf.keras.optimizers.legacy.SGD`.]
[2023-12-13 18:59:08,513: INFO: main: >>>>>> stage Prepare base model completed <<<<<<

x==========x]
[2023-12-13 19:08:21,752: INFO: common: yaml file: config/config.yaml loaded successfully]
[2023-12-13 19:08:21,755: INFO: common: yaml file: params.yaml loaded successfully]
[2023-12-13 19:08:21,756: INFO: common: created directory at: artifacts]
[2023-12-13 19:08:21,757: INFO: common: created directory at: artifacts/training]
[2023-12-13 19:30:50,657: INFO: main: >>>>>> stage Data Ingestion stage started <<<<<<]
[2023-12-13 19:30:50,658: INFO: common: yaml file: config/config.yaml loaded successfully]
[2023-12-13 19:30:50,659: INFO: common: yaml file: params.yaml loaded successfully]
[2023-12-13 19:30:50,659: INFO: common: created directory at: artifacts]
[2023-12-13 19:30:50,659: INFO: common: created directory at: artifacts/data_ingestion]
[2023-12-13 19:30:50,659: INFO: data_ingestion: Downloading data from https://drive.google.com/file/d/1OptgbnMCCSk_-8bOTly1pMbyOS0Wg-Lp/view?usp=drive_link into file artifacts/data_ingestion/data.zip]
[2023-12-13 19:37:23,450: INFO: data_ingestion: Downloaded data from https://drive.google.com/file/d/1OptgbnMCCSk_-8bOTly1pMbyOS0Wg-Lp/view?usp=drive_link into file artifacts/data_ingestion/data.zip]
[2023-12-13 19:37:29,812: INFO: main: >>>>>> stage Data Ingestion stage completed <<<<<<

x==========x]
[2023-12-13 19:37:29,812: INFO: main: *******************]
[2023-12-13 19:37:29,812: INFO: main: >>>>>> stage Prepare base model started <<<<<<]
[2023-12-13 19:37:29,813: INFO: common: yaml file: config/config.yaml loaded successfully]
[2023-12-13 19:37:29,814: INFO: common: yaml file: params.yaml loaded successfully]
[2023-12-13 19:37:29,814: INFO: common: created directory at: artifacts]
[2023-12-13 19:37:29,814: INFO: common: created directory at: artifacts/prepare_base_model]
[2023-12-13 19:37:30,074: WARNING: saving_utils: Compiled the loaded model, but the compiled metrics have yet to be built. `model.compile_metrics` will be empty until you train or evaluate the model.]
[2023-12-13 19:37:30,120: WARNING: optimizer: At this time, the v2.11+ optimizer `tf.keras.optimizers.SGD` runs slowly on M1/M2 Macs, please use the legacy Keras optimizer instead, located at `tf.keras.optimizers.legacy.SGD`.]
[2023-12-13 19:37:30,121: WARNING: __init__: There is a known slowdown when using v2.11+ Keras optimizers on M1/M2 Macs. Falling back to the legacy Keras optimizer, i.e., `tf.keras.optimizers.legacy.SGD`.]
[2023-12-13 19:37:30,168: INFO: main: >>>>>> stage Prepare base model completed <<<<<<

x==========x]
[2023-12-13 19:37:30,168: INFO: main: *******************]
[2023-12-13 19:37:30,168: INFO: main: >>>>>> stage Training started <<<<<<]
[2023-12-13 19:37:30,169: INFO: common: yaml file: config/config.yaml loaded successfully]
[2023-12-13 19:37:30,170: INFO: common: yaml file: params.yaml loaded successfully]
[2023-12-13 19:37:30,170: INFO: common: created directory at: artifacts]
[2023-12-13 19:37:30,170: INFO: common: created directory at: artifacts/training]
[2023-12-13 19:52:42,610: INFO: main: >>>>>> stage Training completed <<<<<<

x==========x]
[2023-12-13 20:20:15,780: INFO: common: yaml file: config/config.yaml loaded successfully]
[2023-12-13 20:20:15,784: INFO: common: yaml file: params.yaml loaded successfully]
[2023-12-13 20:20:15,785: INFO: common: created directory at: artifacts]
[2023-12-13 20:24:56,452: INFO: common: json file saved at: scores.json]
[2023-12-13 20:24:59,138: INFO: builder_impl: Assets written to: /var/folders/8j/v8hmyhwj0mnf687qbbc3hy_w0000gn/T/tmpe7g527nb/model/data/model/assets]
[2023-12-13 20:29:56,463: INFO: common: yaml file: config/config.yaml loaded successfully]
[2023-12-13 20:29:56,467: INFO: common: yaml file: params.yaml loaded successfully]
[2023-12-13 20:29:56,468: INFO: common: created directory at: artifacts]
[2023-12-13 20:34:35,709: INFO: common: json file saved at: scores.json]
[2023-12-13 20:34:38,271: INFO: builder_impl: Assets written to: /var/folders/8j/v8hmyhwj0mnf687qbbc3hy_w0000gn/T/tmp479eh2_e/model/data/model/assets]
[2023-12-13 20:35:53,217: INFO: common: yaml file: config/config.yaml loaded successfully]
[2023-12-13 20:35:53,221: INFO: common: yaml file: params.yaml loaded successfully]
[2023-12-13 20:35:53,222: INFO: common: created directory at: artifacts]
[2023-12-13 20:40:51,161: INFO: common: json file saved at: scores.json]
[2023-12-13 20:40:53,709: INFO: builder_impl: Assets written to: /var/folders/8j/v8hmyhwj0mnf687qbbc3hy_w0000gn/T/tmpac7b5u2s/model/data/model/assets]
[2023-12-13 21:07:43,194: INFO: main: >>>>>> stage Data Ingestion stage started <<<<<<]
[2023-12-13 21:07:43,195: INFO: common: yaml file: config/config.yaml loaded successfully]
[2023-12-13 21:07:43,196: INFO: common: yaml file: params.yaml loaded successfully]
[2023-12-13 21:07:43,196: INFO: common: created directory at: artifacts]
[2023-12-13 21:07:43,196: INFO: common: created directory at: artifacts/data_ingestion]
[2023-12-13 21:07:43,196: INFO: data_ingestion: Downloading data from https://drive.google.com/file/d/1OptgbnMCCSk_-8bOTly1pMbyOS0Wg-Lp/view?usp=drive_link into file artifacts/data_ingestion/data.zip]
[2023-12-13 21:09:41,498: INFO: data_ingestion: Downloaded data from https://drive.google.com/file/d/1OptgbnMCCSk_-8bOTly1pMbyOS0Wg-Lp/view?usp=drive_link into file artifacts/data_ingestion/data.zip]
[2023-12-13 21:09:47,183: INFO: main: >>>>>> stage Data Ingestion stage completed <<<<<<

x==========x]
[2023-12-13 21:09:47,184: INFO: main: *******************]
[2023-12-13 21:09:47,184: INFO: main: >>>>>> stage Prepare base model started <<<<<<]
[2023-12-13 21:09:47,185: INFO: common: yaml file: config/config.yaml loaded successfully]
[2023-12-13 21:09:47,186: INFO: common: yaml file: params.yaml loaded successfully]
[2023-12-13 21:09:47,186: INFO: common: created directory at: artifacts]
[2023-12-13 21:09:47,186: INFO: common: created directory at: artifacts/prepare_base_model]
[2023-12-13 21:09:47,470: WARNING: saving_utils: Compiled the loaded model, but the compiled metrics have yet to be built. `model.compile_metrics` will be empty until you train or evaluate the model.]
[2023-12-13 21:09:47,565: WARNING: optimizer: At this time, the v2.11+ optimizer `tf.keras.optimizers.SGD` runs slowly on M1/M2 Macs, please use the legacy Keras optimizer instead, located at `tf.keras.optimizers.legacy.SGD`.]
[2023-12-13 21:09:47,566: WARNING: __init__: There is a known slowdown when using v2.11+ Keras optimizers on M1/M2 Macs. Falling back to the legacy Keras optimizer, i.e., `tf.keras.optimizers.legacy.SGD`.]
[2023-12-13 21:09:47,614: INFO: main: >>>>>> stage Prepare base model completed <<<<<<

x==========x]
[2023-12-13 21:09:47,614: INFO: main: *******************]
[2023-12-13 21:09:47,614: INFO: main: >>>>>> stage Training started <<<<<<]
[2023-12-13 21:09:47,615: INFO: common: yaml file: config/config.yaml loaded successfully]
[2023-12-13 21:09:47,615: INFO: common: yaml file: params.yaml loaded successfully]
[2023-12-13 21:09:47,615: INFO: common: created directory at: artifacts]
[2023-12-13 21:09:47,616: INFO: common: created directory at: artifacts/training]
[2023-12-13 21:42:42,381: INFO: main: >>>>>> stage Training completed <<<<<<

x==========x]
[2023-12-13 21:42:42,384: INFO: main: *******************]
[2023-12-13 21:42:42,384: INFO: main: >>>>>> stage Evaluation stage started <<<<<<]
[2023-12-13 21:42:42,388: INFO: common: yaml file: config/config.yaml loaded successfully]
[2023-12-13 21:42:42,389: INFO: common: yaml file: params.yaml loaded successfully]
[2023-12-13 21:42:42,389: INFO: common: created directory at: artifacts]
[2023-12-13 21:47:55,974: INFO: common: json file saved at: scores.json]
[2023-12-13 21:47:55,974: INFO: common: json file saved at: scores.json]
[2023-12-13 21:47:58,553: INFO: builder_impl: Assets written to: /var/folders/8j/v8hmyhwj0mnf687qbbc3hy_w0000gn/T/tmpin13df9f/model/data/model/assets]
[2023-12-13 21:47:58,999: ERROR: main: module 'tensorflow.keras' has no attribute '__version__']
Traceback (most recent call last):
  File "main.py", line 48, in <module>
    model_evalution.main()
  File "/Users/saiganadharkumarpottendla/Downloads/kidney-disease-classification-deep-learning-project/cnnClassifier/pipeline/stage_04_model_evaluation.py", line 20, in main
    evaluation.log_into_mlflow()
  File "/Users/saiganadharkumarpottendla/Downloads/kidney-disease-classification-deep-learning-project/cnnClassifier/components/model_evaluation_mlflow.py", line 72, in log_into_mlflow
    mlflow.keras.log_model(self.model, "model", registered_model_name="VGG16Model")
  File "/Users/saiganadharkumarpottendla/miniforge3/envs/cnncls/lib/python3.8/site-packages/mlflow/tensorflow/__init__.py", line 222, in log_model
    return Model.log(
  File "/Users/saiganadharkumarpottendla/miniforge3/envs/cnncls/lib/python3.8/site-packages/mlflow/models/model.py", line 551, in log
    flavor.save_model(path=local_path, mlflow_model=mlflow_model, **kwargs)
  File "/Users/saiganadharkumarpottendla/miniforge3/envs/cnncls/lib/python3.8/site-packages/mlflow/tensorflow/__init__.py", line 445, in save_model
    "keras_version": keras_module.__version__,
AttributeError: module 'tensorflow.keras' has no attribute '__version__'
[2023-12-13 23:00:46,512: INFO: main: >>>>>> stage Data Ingestion stage started <<<<<<]
[2023-12-13 23:00:46,514: INFO: common: yaml file: config/config.yaml loaded successfully]
[2023-12-13 23:00:46,514: INFO: common: yaml file: params.yaml loaded successfully]
[2023-12-13 23:00:46,515: INFO: common: created directory at: artifacts]
[2023-12-13 23:00:46,515: INFO: common: created directory at: artifacts/data_ingestion]
[2023-12-13 23:00:46,515: INFO: data_ingestion: Downloading data from https://drive.google.com/file/d/1OptgbnMCCSk_-8bOTly1pMbyOS0Wg-Lp/view?usp=drive_link into file artifacts/data_ingestion/data.zip]
[2023-12-13 23:02:56,739: INFO: data_ingestion: Downloaded data from https://drive.google.com/file/d/1OptgbnMCCSk_-8bOTly1pMbyOS0Wg-Lp/view?usp=drive_link into file artifacts/data_ingestion/data.zip]
[2023-12-13 23:03:02,529: INFO: main: >>>>>> stage Data Ingestion stage completed <<<<<<

x==========x]
[2023-12-13 23:03:02,529: INFO: main: *******************]
[2023-12-13 23:03:02,529: INFO: main: >>>>>> stage Prepare base model started <<<<<<]
[2023-12-13 23:03:02,530: INFO: common: yaml file: config/config.yaml loaded successfully]
[2023-12-13 23:03:02,531: INFO: common: yaml file: params.yaml loaded successfully]
[2023-12-13 23:03:02,531: INFO: common: created directory at: artifacts]
[2023-12-13 23:03:02,532: INFO: common: created directory at: artifacts/prepare_base_model]
[2023-12-13 23:03:02,823: WARNING: saving_utils: Compiled the loaded model, but the compiled metrics have yet to be built. `model.compile_metrics` will be empty until you train or evaluate the model.]
[2023-12-13 23:03:02,954: WARNING: optimizer: At this time, the v2.11+ optimizer `tf.keras.optimizers.SGD` runs slowly on M1/M2 Macs, please use the legacy Keras optimizer instead, located at `tf.keras.optimizers.legacy.SGD`.]
[2023-12-13 23:03:02,956: WARNING: __init__: There is a known slowdown when using v2.11+ Keras optimizers on M1/M2 Macs. Falling back to the legacy Keras optimizer, i.e., `tf.keras.optimizers.legacy.SGD`.]
[2023-12-13 23:03:03,016: INFO: main: >>>>>> stage Prepare base model completed <<<<<<

x==========x]
[2023-12-13 23:03:03,016: INFO: main: *******************]
[2023-12-13 23:03:03,016: INFO: main: >>>>>> stage Training started <<<<<<]
[2023-12-13 23:03:03,017: INFO: common: yaml file: config/config.yaml loaded successfully]
[2023-12-13 23:03:03,018: INFO: common: yaml file: params.yaml loaded successfully]
[2023-12-13 23:03:03,018: INFO: common: created directory at: artifacts]
[2023-12-13 23:03:03,018: INFO: common: created directory at: artifacts/training]
[2023-12-13 23:19:00,252: INFO: main: >>>>>> stage Training completed <<<<<<

x==========x]
[2023-12-13 23:19:00,253: INFO: main: *******************]
[2023-12-13 23:19:00,253: INFO: main: >>>>>> stage Evaluation stage started <<<<<<]
[2023-12-13 23:19:00,256: INFO: common: yaml file: config/config.yaml loaded successfully]
[2023-12-13 23:19:00,258: INFO: common: yaml file: params.yaml loaded successfully]
[2023-12-13 23:19:00,258: INFO: common: created directory at: artifacts]
[2023-12-13 23:24:24,439: INFO: common: json file saved at: scores.json]
[2023-12-13 23:24:24,440: INFO: common: json file saved at: scores.json]
[2023-12-13 23:24:24,440: INFO: main: >>>>>> stage Evaluation stage completed <<<<<<

x==========x]
[2023-12-13 23:30:27,072: INFO: _internal: [31m[1mWARNING: This is a development server. Do not use it in a production deployment. Use a production WSGI server instead.[0m
 * Running on all addresses (0.0.0.0)
 * Running on http://127.0.0.1:8080
 * Running on http://172.27.71.179:8080]
[2023-12-13 23:30:27,072: INFO: _internal: [33mPress CTRL+C to quit[0m]
[2023-12-13 23:30:34,722: INFO: _internal: 172.27.71.179 - - [13/Dec/2023 23:30:34] "GET / HTTP/1.1" 200 -]
[2023-12-13 23:30:37,859: INFO: _internal: 172.27.71.179 - - [13/Dec/2023 23:30:37] "[33mGET /favicon.ico HTTP/1.1[0m" 404 -]
